<?xml version="1.0" encoding="UTF-8"?>
<!-- Generated by org.testng.reporters.JUnitXMLReporter -->
<testsuite ignored="2" hostname="om-PC" failures="0" tests="2" name="Default test" time="56.704" errors="0" timestamp="14 Sep 2024 09:51:57 GMT">
  <testcase classname="TVP_Test_cases.Jenkins_trail.ImageSpecification" name="EDS" time="15.942"/>
  <testcase classname="TVP_Test_cases.Jenkins_trail.ImageSpecification" name="SmileDirectClub" time="34.373"/>
  <testcase classname="TVP_Test_cases.Jenkins_trail.ImageSpecification" name="FYE" time="0.0">
    <ignored/>
  </testcase> <!-- FYE -->
  <testcase classname="TVP_Test_cases.Jenkins_trail.ImageSpecification" name="TVP" time="0.0">
    <ignored/>
  </testcase> <!-- TVP -->
</testsuite> <!-- Default test -->
