<?xml version="1.0" encoding="UTF-8"?>
<testng-results ignored="2" total="4" passed="2" failed="0" skipped="0">
  <reporter-output>
  </reporter-output>
  <suite started-at="2024-09-14T09:51:01Z" name="Default suite" finished-at="2024-09-14T09:51:57Z" duration-ms="56704">
    <groups>
    </groups>
    <test started-at="2024-09-14T09:51:01Z" name="Default test" finished-at="2024-09-14T09:51:57Z" duration-ms="56704">
      <class name="TVP_Test_cases.Jenkins_trail.ImageSpecification">
        <test-method is-config="true" signature="setup()[pri:0, instance:TVP_Test_cases.Jenkins_trail.ImageSpecification@42530531]" started-at="2024-09-14T09:51:01Z" name="setup" finished-at="2024-09-14T09:51:06Z" duration-ms="5647" status="PASS">
          <reporter-output>
          </reporter-output>
        </test-method> <!-- setup -->
        <test-method signature="EDS()[pri:1, instance:TVP_Test_cases.Jenkins_trail.ImageSpecification@42530531]" started-at="2024-09-14T09:51:07Z" name="EDS" finished-at="2024-09-14T09:51:23Z" duration-ms="15942" status="PASS">
          <reporter-output>
          </reporter-output>
        </test-method> <!-- EDS -->
        <test-method signature="SmileDirectClub()[pri:2, instance:TVP_Test_cases.Jenkins_trail.ImageSpecification@42530531]" started-at="2024-09-14T09:51:23Z" name="SmileDirectClub" finished-at="2024-09-14T09:51:57Z" duration-ms="34373" status="PASS">
          <reporter-output>
          </reporter-output>
        </test-method> <!-- SmileDirectClub -->
      </class> <!-- TVP_Test_cases.Jenkins_trail.ImageSpecification -->
    </test> <!-- Default test -->
  </suite> <!-- Default suite -->
</testng-results>
